# JRE version: Java(TM) SE Runtime Environment (8.0_73-b02) (build 1.8.0_73-b02)
# Java VM: Java HotSpot(TM) 64-Bit Server VM (25.73-b02 mixed mode windows-amd64 compressed oops)
Heap:
 PSYoungGen      total 184832K, used 84217K [0x00000000eab00000, 0x0000000100000000, 0x0000000100000000)
  eden space 161280K, 37% used [0x00000000eab00000,0x00000000ee6446e0,0x00000000f4880000)
  from space 23552K, 99% used [0x00000000f4880000,0x00000000f5f79fc8,0x00000000f5f80000)
  to   space 36864K, 0% used [0x00000000fdc00000,0x00000000fdc00000,0x0000000100000000)
 ParOldGen       total 109568K, used 48136K [0x00000000c0000000, 0x00000000c6b00000, 0x00000000eab00000)
  object space 109568K, 43% used [0x00000000c0000000,0x00000000c2f02320,0x00000000c6b00000)
 Metaspace       used 6938K, capacity 7608K, committed 7936K, reserved 1056768K
  class space    used 644K, capacity 688K, committed 768K, reserved 1048576K
GC Heap History (10 events):
Event: 14.256 GC heap before
{Heap before GC invocations=3 (full 0):
 PSYoungGen      total 47616K, used 47594K [0x00000000eab00000, 0x00000000ee000000, 0x0000000100000000)
  eden space 40960K, 100% used [0x00000000eab00000,0x00000000ed300000,0x00000000ed300000)
  from space 6656K, 99% used [0x00000000ed980000,0x00000000edffabf8,0x00000000ee000000)
  to   space 6656K, 0% used [0x00000000ed300000,0x00000000ed300000,0x00000000ed980000)
 ParOldGen       total 109568K, used 3709K [0x00000000c0000000, 0x00000000c6b00000, 0x00000000eab00000)
  object space 109568K, 3% used [0x00000000c0000000,0x00000000c039f438,0x00000000c6b00000)
 Metaspace       used 6266K, capacity 7152K, committed 7296K, reserved 1056768K
  class space    used 603K, capacity 616K, committed 640K, reserved 1048576K
Event: 14.293 GC heap after
Heap after GC invocations=3 (full 0):
 PSYoungGen      total 47616K, used 6639K [0x00000000eab00000, 0x00000000f0800000, 0x0000000100000000)
  eden space 40960K, 0% used [0x00000000eab00000,0x00000000eab00000,0x00000000ed300000)
  from space 6656K, 99% used [0x00000000ed300000,0x00000000ed97be18,0x00000000ed980000)
  to   space 6656K, 0% used [0x00000000f0180000,0x00000000f0180000,0x00000000f0800000)
 ParOldGen       total 109568K, used 9584K [0x00000000c0000000, 0x00000000c6b00000, 0x00000000eab00000)
  object space 109568K, 8% used [0x00000000c0000000,0x00000000c095c168,0x00000000c6b00000)
 Metaspace       used 6266K, capacity 7152K, committed 7296K, reserved 1056768K
  class space    used 603K, capacity 616K, committed 640K, reserved 1048576K
}
Event: 14.737 GC heap before
{Heap before GC invocations=4 (full 0):
 PSYoungGen      total 47616K, used 47599K [0x00000000eab00000, 0x00000000f0800000, 0x0000000100000000)
  eden space 40960K, 100% used [0x00000000eab00000,0x00000000ed300000,0x00000000ed300000)
  from space 6656K, 99% used [0x00000000ed300000,0x00000000ed97be18,0x00000000ed980000)
  to   space 6656K, 0% used [0x00000000f0180000,0x00000000f0180000,0x00000000f0800000)
 ParOldGen       total 109568K, used 9584K [0x00000000c0000000, 0x00000000c6b00000, 0x00000000eab00000)
  object space 109568K, 8% used [0x00000000c0000000,0x00000000c095c168,0x00000000c6b00000)
 Metaspace       used 6293K, capacity 7152K, committed 7296K, reserved 1056768K
  class space    used 603K, capacity 616K, committed 640K, reserved 1048576K
Event: 14.761 GC heap after
Heap after GC invocations=4 (full 0):
 PSYoungGen      total 88576K, used 6655K [0x00000000eab00000, 0x00000000f0800000, 0x0000000100000000)
  eden space 81920K, 0% used [0x00000000eab00000,0x00000000eab00000,0x00000000efb00000)
  from space 6656K, 99% used [0x00000000f0180000,0x00000000f07ffe08,0x00000000f0800000)
  to   space 6656K, 0% used [0x00000000efb00000,0x00000000efb00000,0x00000000f0180000)
 ParOldGen       total 109568K, used 16036K [0x00000000c0000000, 0x00000000c6b00000, 0x00000000eab00000)
  object space 109568K, 14% used [0x00000000c0000000,0x00000000c0fa93d0,0x00000000c6b00000)
 Metaspace       used 6293K, capacity 7152K, committed 7296K, reserved 1056768K
  class space    used 603K, capacity 616K, committed 640K, reserved 1048576K
}
Event: 16.012 GC heap before
{Heap before GC invocations=5 (full 0):
 PSYoungGen      total 88576K, used 88575K [0x00000000eab00000, 0x00000000f0800000, 0x0000000100000000)
  eden space 81920K, 100% used [0x00000000eab00000,0x00000000efb00000,0x00000000efb00000)
  from space 6656K, 99% used [0x00000000f0180000,0x00000000f07ffe08,0x00000000f0800000)
  to   space 6656K, 0% used [0x00000000efb00000,0x00000000efb00000,0x00000000f0180000)
 ParOldGen       total 109568K, used 16036K [0x00000000c0000000, 0x00000000c6b00000, 0x00000000eab00000)
  object space 109568K, 14% used [0x00000000c0000000,0x00000000c0fa93d0,0x00000000c6b00000)
 Metaspace       used 6403K, capacity 7216K, committed 7296K, reserved 1056768K
  class space    used 603K, capacity 616K, committed 640K, reserved 1048576K
Event: 16.141 GC heap after
Heap after GC invocations=5 (full 0):
 PSYoungGen      total 88576K, used 6655K [0x00000000eab00000, 0x00000000f7400000, 0x0000000100000000)
  eden space 81920K, 0% used [0x00000000eab00000,0x00000000eab00000,0x00000000efb00000)
  from space 6656K, 99% used [0x00000000efb00000,0x00000000f017ffd8,0x00000000f0180000)
  to   space 20992K, 0% used [0x00000000f5f80000,0x00000000f5f80000,0x00000000f7400000)
 ParOldGen       total 109568K, used 28902K [0x00000000c0000000, 0x00000000c6b00000, 0x00000000eab00000)
  object space 109568K, 26% used [0x00000000c0000000,0x00000000c1c39ab0,0x00000000c6b00000)
 Metaspace       used 6403K, capacity 7216K, committed 7296K, reserved 1056768K
  class space    used 603K, capacity 616K, committed 640K, reserved 1048576K
}
Event: 17.472 GC heap before
{Heap before GC invocations=6 (full 0):
 PSYoungGen      total 88576K, used 88575K [0x00000000eab00000, 0x00000000f7400000, 0x0000000100000000)
  eden space 81920K, 100% used [0x00000000eab00000,0x00000000efb00000,0x00000000efb00000)
  from space 6656K, 99% used [0x00000000efb00000,0x00000000f017ffd8,0x00000000f0180000)
  to   space 20992K, 0% used [0x00000000f5f80000,0x00000000f5f80000,0x00000000f7400000)
 ParOldGen       total 109568K, used 28902K [0x00000000c0000000, 0x00000000c6b00000, 0x00000000eab00000)
  object space 109568K, 26% used [0x00000000c0000000,0x00000000c1c39ab0,0x00000000c6b00000)
 Metaspace       used 6531K, capacity 7256K, committed 7424K, reserved 1056768K
  class space    used 624K, capacity 656K, committed 768K, reserved 1048576K
Event: 17.701 GC heap after
Heap after GC invocations=6 (full 0):
 PSYoungGen      total 182272K, used 19069K [0x00000000eab00000, 0x00000000f7900000, 0x0000000100000000)
  eden space 161280K, 0% used [0x00000000eab00000,0x00000000eab00000,0x00000000f4880000)
  from space 20992K, 90% used [0x00000000f5f80000,0x00000000f721f518,0x00000000f7400000)
  to   space 23552K, 0% used [0x00000000f4880000,0x00000000f4880000,0x00000000f5f80000)
 ParOldGen       total 109568K, used 28902K [0x00000000c0000000, 0x00000000c6b00000, 0x00000000eab00000)
  object space 109568K, 26% used [0x00000000c0000000,0x00000000c1c39ab0,0x00000000c6b00000)
 Metaspace       used 6531K, capacity 7256K, committed 7424K, reserved 1056768K
  class space    used 624K, capacity 656K, committed 768K, reserved 1048576K
}
Event: 19.510 GC heap before
{Heap before GC invocations=7 (full 0):
 PSYoungGen      total 182272K, used 180349K [0x00000000eab00000, 0x00000000f7900000, 0x0000000100000000)
  eden space 161280K, 100% used [0x00000000eab00000,0x00000000f4880000,0x00000000f4880000)
  from space 20992K, 90% used [0x00000000f5f80000,0x00000000f721f518,0x00000000f7400000)
  to   space 23552K, 0% used [0x00000000f4880000,0x00000000f4880000,0x00000000f5f80000)
 ParOldGen       total 109568K, used 28902K [0x00000000c0000000, 0x00000000c6b00000, 0x00000000eab00000)
  object space 109568K, 26% used [0x00000000c0000000,0x00000000c1c39ab0,0x00000000c6b00000)
 Metaspace       used 6556K, capacity 7256K, committed 7424K, reserved 1056768K
  class space    used 624K, capacity 656K, committed 768K, reserved 1048576K
Event: 19.850 GC heap after
Heap after GC invocations=7 (full 0):
 PSYoungGen      total 184832K, used 23527K [0x00000000eab00000, 0x0000000100000000, 0x0000000100000000)
  eden space 161280K, 0% used [0x00000000eab00000,0x00000000eab00000,0x00000000f4880000)
  from space 23552K, 99% used [0x00000000f4880000,0x00000000f5f79fc8,0x00000000f5f80000)
  to   space 36864K, 0% used [0x00000000fdc00000,0x00000000fdc00000,0x0000000100000000)
 ParOldGen       total 109568K, used 48136K [0x00000000c0000000, 0x00000000c6b00000, 0x00000000eab00000)
  object space 109568K, 43% used [0x00000000c0000000,0x00000000c2f02320,0x00000000c6b00000)
 Metaspace       used 6556K, capacity 7256K, committed 7424K, reserved 1056768K
  class space    used 624K, capacity 656K, committed 768K, reserved 1048576K
}

