# JRE version: Java(TM) SE Runtime Environment (8.0_73-b02) (build 1.8.0_73-b02)
# Java VM: Java HotSpot(TM) 64-Bit Server VM (25.73-b02 mixed mode windows-amd64 compressed oops)
Heap:
 PSYoungGen      total 232960K, used 69637K [0x00000000eab00000, 0x0000000100000000, 0x0000000100000000)
  eden space 116736K, 59% used [0x00000000eab00000,0x00000000eef01490,0x00000000f1d00000)
  from space 116224K, 0% used [0x00000000f1d00000,0x00000000f1d00000,0x00000000f8e80000)
  to   space 116224K, 0% used [0x00000000f8e80000,0x00000000f8e80000,0x0000000100000000)
 ParOldGen       total 491008K, used 250331K [0x00000000c0000000, 0x00000000ddf80000, 0x00000000eab00000)
  object space 491008K, 50% used [0x00000000c0000000,0x00000000cf476dd8,0x00000000ddf80000)
 Metaspace       used 6539K, capacity 7256K, committed 7424K, reserved 1056768K
  class space    used 623K, capacity 656K, committed 768K, reserved 1048576K
GC Heap History (10 events):
Event: 28.641 GC heap before
{Heap before GC invocations=11 (full 1):
 PSYoungGen      total 232960K, used 218281K [0x00000000eab00000, 0x0000000100000000, 0x0000000100000000)
  eden space 116736K, 100% used [0x00000000eab00000,0x00000000f1d00000,0x00000000f1d00000)
  from space 116224K, 87% used [0x00000000f1d00000,0x00000000f802a630,0x00000000f8e80000)
  to   space 116224K, 0% used [0x00000000f8e80000,0x00000000f8e80000,0x0000000100000000)
 ParOldGen       total 283648K, used 139765K [0x00000000c0000000, 0x00000000d1500000, 0x00000000eab00000)
  object space 283648K, 49% used [0x00000000c0000000,0x00000000c887d4c8,0x00000000d1500000)
 Metaspace       used 6535K, capacity 7256K, committed 7424K, reserved 1056768K
  class space    used 622K, capacity 656K, committed 768K, reserved 1048576K
Event: 28.912 GC heap after
Heap after GC invocations=11 (full 1):
 PSYoungGen      total 232960K, used 116192K [0x00000000eab00000, 0x0000000100000000, 0x0000000100000000)
  eden space 116736K, 0% used [0x00000000eab00000,0x00000000eab00000,0x00000000f1d00000)
  from space 116224K, 99% used [0x00000000f8e80000,0x00000000ffff80c0,0x0000000100000000)
  to   space 116224K, 0% used [0x00000000f1d00000,0x00000000f1d00000,0x00000000f8e80000)
 ParOldGen       total 283648K, used 191383K [0x00000000c0000000, 0x00000000d1500000, 0x00000000eab00000)
  object space 283648K, 67% used [0x00000000c0000000,0x00000000cbae5dc8,0x00000000d1500000)
 Metaspace       used 6535K, capacity 7256K, committed 7424K, reserved 1056768K
  class space    used 622K, capacity 656K, committed 768K, reserved 1048576K
}
Event: 29.246 GC heap before
{Heap before GC invocations=12 (full 1):
 PSYoungGen      total 232960K, used 232928K [0x00000000eab00000, 0x0000000100000000, 0x0000000100000000)
  eden space 116736K, 100% used [0x00000000eab00000,0x00000000f1d00000,0x00000000f1d00000)
  from space 116224K, 99% used [0x00000000f8e80000,0x00000000ffff80c0,0x0000000100000000)
  to   space 116224K, 0% used [0x00000000f1d00000,0x00000000f1d00000,0x00000000f8e80000)
 ParOldGen       total 283648K, used 191383K [0x00000000c0000000, 0x00000000d1500000, 0x00000000eab00000)
  object space 283648K, 67% used [0x00000000c0000000,0x00000000cbae5dc8,0x00000000d1500000)
 Metaspace       used 6535K, capacity 7256K, committed 7424K, reserved 1056768K
  class space    used 622K, capacity 656K, committed 768K, reserved 1048576K
Event: 29.551 GC heap after
Heap after GC invocations=12 (full 1):
 PSYoungGen      total 232960K, used 84761K [0x00000000eab00000, 0x0000000100000000, 0x0000000100000000)
  eden space 116736K, 0% used [0x00000000eab00000,0x00000000eab00000,0x00000000f1d00000)
  from space 116224K, 72% used [0x00000000f1d00000,0x00000000f6fc66e8,0x00000000f8e80000)
  to   space 116224K, 0% used [0x00000000f8e80000,0x00000000f8e80000,0x0000000100000000)
 ParOldGen       total 283648K, used 263838K [0x00000000c0000000, 0x00000000d1500000, 0x00000000eab00000)
  object space 283648K, 93% used [0x00000000c0000000,0x00000000d01a7a30,0x00000000d1500000)
 Metaspace       used 6535K, capacity 7256K, committed 7424K, reserved 1056768K
  class space    used 622K, capacity 656K, committed 768K, reserved 1048576K
}
Event: 29.551 GC heap before
{Heap before GC invocations=13 (full 2):
 PSYoungGen      total 232960K, used 84761K [0x00000000eab00000, 0x0000000100000000, 0x0000000100000000)
  eden space 116736K, 0% used [0x00000000eab00000,0x00000000eab00000,0x00000000f1d00000)
  from space 116224K, 72% used [0x00000000f1d00000,0x00000000f6fc66e8,0x00000000f8e80000)
  to   space 116224K, 0% used [0x00000000f8e80000,0x00000000f8e80000,0x0000000100000000)
 ParOldGen       total 283648K, used 263838K [0x00000000c0000000, 0x00000000d1500000, 0x00000000eab00000)
  object space 283648K, 93% used [0x00000000c0000000,0x00000000d01a7a30,0x00000000d1500000)
 Metaspace       used 6535K, capacity 7256K, committed 7424K, reserved 1056768K
  class space    used 622K, capacity 656K, committed 768K, reserved 1048576K
Event: 34.149 GC heap after
Heap after GC invocations=13 (full 2):
 PSYoungGen      total 232960K, used 0K [0x00000000eab00000, 0x0000000100000000, 0x0000000100000000)
  eden space 116736K, 0% used [0x00000000eab00000,0x00000000eab00000,0x00000000f1d00000)
  from space 116224K, 0% used [0x00000000f1d00000,0x00000000f1d00000,0x00000000f8e80000)
  to   space 116224K, 0% used [0x00000000f8e80000,0x00000000f8e80000,0x0000000100000000)
 ParOldGen       total 283648K, used 214259K [0x00000000c0000000, 0x00000000d1500000, 0x00000000eab00000)
  object space 283648K, 75% used [0x00000000c0000000,0x00000000cd13cfe8,0x00000000d1500000)
 Metaspace       used 6535K, capacity 7256K, committed 7424K, reserved 1056768K
  class space    used 622K, capacity 656K, committed 768K, reserved 1048576K
}
Event: 34.761 GC heap before
{Heap before GC invocations=14 (full 3):
 PSYoungGen      total 232960K, used 116736K [0x00000000eab00000, 0x0000000100000000, 0x0000000100000000)
  eden space 116736K, 100% used [0x00000000eab00000,0x00000000f1d00000,0x00000000f1d00000)
  from space 116224K, 0% used [0x00000000f1d00000,0x00000000f1d00000,0x00000000f8e80000)
  to   space 116224K, 0% used [0x00000000f8e80000,0x00000000f8e80000,0x0000000100000000)
 ParOldGen       total 283648K, used 214290K [0x00000000c0000000, 0x00000000d1500000, 0x00000000eab00000)
  object space 283648K, 75% used [0x00000000c0000000,0x00000000cd144808,0x00000000d1500000)
 Metaspace       used 6539K, capacity 7256K, committed 7424K, reserved 1056768K
  class space    used 623K, capacity 656K, committed 768K, reserved 1048576K
Event: 39.275 GC heap after
Heap after GC invocations=14 (full 3):
 PSYoungGen      total 232960K, used 0K [0x00000000eab00000, 0x0000000100000000, 0x0000000100000000)
  eden space 116736K, 0% used [0x00000000eab00000,0x00000000eab00000,0x00000000f1d00000)
  from space 116224K, 0% used [0x00000000f1d00000,0x00000000f1d00000,0x00000000f8e80000)
  to   space 116224K, 0% used [0x00000000f8e80000,0x00000000f8e80000,0x0000000100000000)
 ParOldGen       total 283648K, used 247834K [0x00000000c0000000, 0x00000000d1500000, 0x00000000eab00000)
  object space 283648K, 87% used [0x00000000c0000000,0x00000000cf206838,0x00000000d1500000)
 Metaspace       used 6539K, capacity 7256K, committed 7424K, reserved 1056768K
  class space    used 623K, capacity 656K, committed 768K, reserved 1048576K
}
Event: 39.397 GC heap before
{Heap before GC invocations=15 (full 4):
 PSYoungGen      total 232960K, used 39839K [0x00000000eab00000, 0x0000000100000000, 0x0000000100000000)
  eden space 116736K, 34% used [0x00000000eab00000,0x00000000ed1e7c78,0x00000000f1d00000)
  from space 116224K, 0% used [0x00000000f1d00000,0x00000000f1d00000,0x00000000f8e80000)
  to   space 116224K, 0% used [0x00000000f8e80000,0x00000000f8e80000,0x0000000100000000)
 ParOldGen       total 283648K, used 247834K [0x00000000c0000000, 0x00000000d1500000, 0x00000000eab00000)
  object space 283648K, 87% used [0x00000000c0000000,0x00000000cf206838,0x00000000d1500000)
 Metaspace       used 6539K, capacity 7256K, committed 7424K, reserved 1056768K
  class space    used 623K, capacity 656K, committed 768K, reserved 1048576K
Event: 41.125 GC heap after
Heap after GC invocations=15 (full 4):
 PSYoungGen      total 232960K, used 0K [0x00000000eab00000, 0x0000000100000000, 0x0000000100000000)
  eden space 116736K, 0% used [0x00000000eab00000,0x00000000eab00000,0x00000000f1d00000)
  from space 116224K, 0% used [0x00000000f1d00000,0x00000000f1d00000,0x00000000f8e80000)
  to   space 116224K, 0% used [0x00000000f8e80000,0x00000000f8e80000,0x0000000100000000)
 ParOldGen       total 491008K, used 250331K [0x00000000c0000000, 0x00000000ddf80000, 0x00000000eab00000)
  object space 491008K, 50% used [0x00000000c0000000,0x00000000cf476dd8,0x00000000ddf80000)
 Metaspace       used 6539K, capacity 7256K, committed 7424K, reserved 1056768K
  class space    used 623K, capacity 656K, committed 768K, reserved 1048576K
}

