# JRE version: Java(TM) SE Runtime Environment (8.0_73-b02) (build 1.8.0_73-b02)
# Java VM: Java HotSpot(TM) 64-Bit Server VM (25.73-b02 mixed mode windows-amd64 compressed oops)
Heap:
 PSYoungGen      total 232960K, used 100828K [0x00000000eab00000, 0x0000000100000000, 0x0000000100000000)
  eden space 116736K, 86% used [0x00000000eab00000,0x00000000f0d77248,0x00000000f1d00000)
  from space 116224K, 0% used [0x00000000f1d00000,0x00000000f1d00000,0x00000000f8e80000)
  to   space 116224K, 0% used [0x00000000f8e80000,0x00000000f8e80000,0x0000000100000000)
 ParOldGen       total 477696K, used 247358K [0x00000000c0000000, 0x00000000dd280000, 0x00000000eab00000)
  object space 477696K, 51% used [0x00000000c0000000,0x00000000cf18fa20,0x00000000dd280000)
 Metaspace       used 6931K, capacity 7576K, committed 7936K, reserved 1056768K
  class space    used 639K, capacity 656K, committed 768K, reserved 1048576K
GC Heap History (10 events):
Event: 36.539 GC heap before
{Heap before GC invocations=14 (full 2):
 PSYoungGen      total 232960K, used 141205K [0x00000000eab00000, 0x0000000100000000, 0x0000000100000000)
  eden space 116736K, 100% used [0x00000000eab00000,0x00000000f1d00000,0x00000000f1d00000)
  from space 116224K, 21% used [0x00000000f1d00000,0x00000000f34e5598,0x00000000f8e80000)
  to   space 116224K, 0% used [0x00000000f8e80000,0x00000000f8e80000,0x0000000100000000)
 ParOldGen       total 412672K, used 221852K [0x00000000c0000000, 0x00000000d9300000, 0x00000000eab00000)
  object space 412672K, 53% used [0x00000000c0000000,0x00000000cd8a7320,0x00000000d9300000)
 Metaspace       used 6523K, capacity 7256K, committed 7424K, reserved 1056768K
  class space    used 622K, capacity 656K, committed 768K, reserved 1048576K
Event: 36.825 GC heap after
Heap after GC invocations=14 (full 2):
 PSYoungGen      total 232960K, used 49844K [0x00000000eab00000, 0x0000000100000000, 0x0000000100000000)
  eden space 116736K, 0% used [0x00000000eab00000,0x00000000eab00000,0x00000000f1d00000)
  from space 116224K, 42% used [0x00000000f8e80000,0x00000000fbf2d0d0,0x0000000100000000)
  to   space 116224K, 0% used [0x00000000f1d00000,0x00000000f1d00000,0x00000000f8e80000)
 ParOldGen       total 412672K, used 221860K [0x00000000c0000000, 0x00000000d9300000, 0x00000000eab00000)
  object space 412672K, 53% used [0x00000000c0000000,0x00000000cd8a9320,0x00000000d9300000)
 Metaspace       used 6523K, capacity 7256K, committed 7424K, reserved 1056768K
  class space    used 622K, capacity 656K, committed 768K, reserved 1048576K
}
Event: 39.882 GC heap before
{Heap before GC invocations=15 (full 2):
 PSYoungGen      total 232960K, used 166580K [0x00000000eab00000, 0x0000000100000000, 0x0000000100000000)
  eden space 116736K, 100% used [0x00000000eab00000,0x00000000f1d00000,0x00000000f1d00000)
  from space 116224K, 42% used [0x00000000f8e80000,0x00000000fbf2d0d0,0x0000000100000000)
  to   space 116224K, 0% used [0x00000000f1d00000,0x00000000f1d00000,0x00000000f8e80000)
 ParOldGen       total 412672K, used 221860K [0x00000000c0000000, 0x00000000d9300000, 0x00000000eab00000)
  object space 412672K, 53% used [0x00000000c0000000,0x00000000cd8a9320,0x00000000d9300000)
 Metaspace       used 6531K, capacity 7256K, committed 7424K, reserved 1056768K
  class space    used 624K, capacity 656K, committed 768K, reserved 1048576K
Event: 40.943 GC heap after
Heap after GC invocations=15 (full 2):
 PSYoungGen      total 232960K, used 49642K [0x00000000eab00000, 0x0000000100000000, 0x0000000100000000)
  eden space 116736K, 0% used [0x00000000eab00000,0x00000000eab00000,0x00000000f1d00000)
  from space 116224K, 42% used [0x00000000f1d00000,0x00000000f4d7a880,0x00000000f8e80000)
  to   space 116224K, 0% used [0x00000000f8e80000,0x00000000f8e80000,0x0000000100000000)
 ParOldGen       total 412672K, used 270042K [0x00000000c0000000, 0x00000000d9300000, 0x00000000eab00000)
  object space 412672K, 65% used [0x00000000c0000000,0x00000000d07b68d8,0x00000000d9300000)
 Metaspace       used 6531K, capacity 7256K, committed 7424K, reserved 1056768K
  class space    used 624K, capacity 656K, committed 768K, reserved 1048576K
}
Event: 41.153 GC heap before
{Heap before GC invocations=16 (full 2):
 PSYoungGen      total 232960K, used 166378K [0x00000000eab00000, 0x0000000100000000, 0x0000000100000000)
  eden space 116736K, 100% used [0x00000000eab00000,0x00000000f1d00000,0x00000000f1d00000)
  from space 116224K, 42% used [0x00000000f1d00000,0x00000000f4d7a880,0x00000000f8e80000)
  to   space 116224K, 0% used [0x00000000f8e80000,0x00000000f8e80000,0x0000000100000000)
 ParOldGen       total 412672K, used 270042K [0x00000000c0000000, 0x00000000d9300000, 0x00000000eab00000)
  object space 412672K, 65% used [0x00000000c0000000,0x00000000d07b68d8,0x00000000d9300000)
 Metaspace       used 6531K, capacity 7256K, committed 7424K, reserved 1056768K
  class space    used 624K, capacity 656K, committed 768K, reserved 1048576K
Event: 41.272 GC heap after
Heap after GC invocations=16 (full 2):
 PSYoungGen      total 232960K, used 68880K [0x00000000eab00000, 0x0000000100000000, 0x0000000100000000)
  eden space 116736K, 0% used [0x00000000eab00000,0x00000000eab00000,0x00000000f1d00000)
  from space 116224K, 59% used [0x00000000f8e80000,0x00000000fd1c4110,0x0000000100000000)
  to   space 116224K, 0% used [0x00000000f1d00000,0x00000000f1d00000,0x00000000f8e80000)
 ParOldGen       total 412672K, used 318253K [0x00000000c0000000, 0x00000000d9300000, 0x00000000eab00000)
  object space 412672K, 77% used [0x00000000c0000000,0x00000000d36cb5d8,0x00000000d9300000)
 Metaspace       used 6531K, capacity 7256K, committed 7424K, reserved 1056768K
  class space    used 624K, capacity 656K, committed 768K, reserved 1048576K
}
Event: 41.596 GC heap before
{Heap before GC invocations=17 (full 2):
 PSYoungGen      total 232960K, used 185616K [0x00000000eab00000, 0x0000000100000000, 0x0000000100000000)
  eden space 116736K, 100% used [0x00000000eab00000,0x00000000f1d00000,0x00000000f1d00000)
  from space 116224K, 59% used [0x00000000f8e80000,0x00000000fd1c4110,0x0000000100000000)
  to   space 116224K, 0% used [0x00000000f1d00000,0x00000000f1d00000,0x00000000f8e80000)
 ParOldGen       total 412672K, used 318253K [0x00000000c0000000, 0x00000000d9300000, 0x00000000eab00000)
  object space 412672K, 77% used [0x00000000c0000000,0x00000000d36cb5d8,0x00000000d9300000)
 Metaspace       used 6531K, capacity 7256K, committed 7424K, reserved 1056768K
  class space    used 624K, capacity 656K, committed 768K, reserved 1048576K
Event: 41.699 GC heap after
Heap after GC invocations=17 (full 2):
 PSYoungGen      total 232960K, used 31497K [0x00000000eab00000, 0x0000000100000000, 0x0000000100000000)
  eden space 116736K, 0% used [0x00000000eab00000,0x00000000eab00000,0x00000000f1d00000)
  from space 116224K, 27% used [0x00000000f1d00000,0x00000000f3bc2750,0x00000000f8e80000)
  to   space 116224K, 0% used [0x00000000f8e80000,0x00000000f8e80000,0x0000000100000000)
 ParOldGen       total 412672K, used 389858K [0x00000000c0000000, 0x00000000d9300000, 0x00000000eab00000)
  object space 412672K, 94% used [0x00000000c0000000,0x00000000d7cb8ae8,0x00000000d9300000)
 Metaspace       used 6531K, capacity 7256K, committed 7424K, reserved 1056768K
  class space    used 624K, capacity 656K, committed 768K, reserved 1048576K
}
Event: 41.700 GC heap before
{Heap before GC invocations=18 (full 3):
 PSYoungGen      total 232960K, used 31497K [0x00000000eab00000, 0x0000000100000000, 0x0000000100000000)
  eden space 116736K, 0% used [0x00000000eab00000,0x00000000eab00000,0x00000000f1d00000)
  from space 116224K, 27% used [0x00000000f1d00000,0x00000000f3bc2750,0x00000000f8e80000)
  to   space 116224K, 0% used [0x00000000f8e80000,0x00000000f8e80000,0x0000000100000000)
 ParOldGen       total 412672K, used 389858K [0x00000000c0000000, 0x00000000d9300000, 0x00000000eab00000)
  object space 412672K, 94% used [0x00000000c0000000,0x00000000d7cb8ae8,0x00000000d9300000)
 Metaspace       used 6531K, capacity 7256K, committed 7424K, reserved 1056768K
  class space    used 624K, capacity 656K, committed 768K, reserved 1048576K
Event: 43.469 GC heap after
Heap after GC invocations=18 (full 3):
 PSYoungGen      total 232960K, used 0K [0x00000000eab00000, 0x0000000100000000, 0x0000000100000000)
  eden space 116736K, 0% used [0x00000000eab00000,0x00000000eab00000,0x00000000f1d00000)
  from space 116224K, 0% used [0x00000000f1d00000,0x00000000f1d00000,0x00000000f8e80000)
  to   space 116224K, 0% used [0x00000000f8e80000,0x00000000f8e80000,0x0000000100000000)
 ParOldGen       total 477696K, used 247358K [0x00000000c0000000, 0x00000000dd280000, 0x00000000eab00000)
  object space 477696K, 51% used [0x00000000c0000000,0x00000000cf18fa20,0x00000000dd280000)
 Metaspace       used 6531K, capacity 7256K, committed 7424K, reserved 1056768K
  class space    used 624K, capacity 656K, committed 768K, reserved 1048576K
}

